[ 2024-04-27 10:08:02,240 ] 40 root - INFO - Data loaded successfully from Excel
[ 2024-04-27 10:08:02,248 ] 49 root - INFO - Fetching data from URL: https://insights.blackcoffer.com/rising-it-cities-and-its-impact-on-the-economy-environment-infrastructure-and-city-life-by-the-year-2040-2/
[ 2024-04-27 10:08:02,248 ] 49 root - INFO - Fetching data from URL: https://insights.blackcoffer.com/rising-it-cities-and-their-impact-on-the-economy-environment-infrastructure-and-city-life-in-future/
[ 2024-04-27 10:08:02,249 ] 49 root - INFO - Fetching data from URL: https://insights.blackcoffer.com/internet-demands-evolution-communication-impact-and-2035s-alternative-pathways/
[ 2024-04-27 10:08:02,249 ] 49 root - INFO - Fetching data from URL: https://insights.blackcoffer.com/rise-of-cybercrime-and-its-effect-in-upcoming-future/
[ 2024-04-27 10:08:02,250 ] 49 root - INFO - Fetching data from URL: https://insights.blackcoffer.com/ott-platform-and-its-impact-on-the-entertainment-industry-in-future/
[ 2024-04-27 10:08:02,250 ] 49 root - INFO - Fetching data from URL: https://insights.blackcoffer.com/the-rise-of-the-ott-platform-and-its-impact-on-the-entertainment-industry-by-2040/
[ 2024-04-27 10:08:02,251 ] 49 root - INFO - Fetching data from URL: https://insights.blackcoffer.com/rise-of-cyber-crime-and-its-effects/
[ 2024-04-27 10:08:02,252 ] 49 root - INFO - Fetching data from URL: https://insights.blackcoffer.com/rise-of-internet-demand-and-its-impact-on-communications-and-alternatives-by-the-year-2035-2/
[ 2024-04-27 10:08:02,253 ] 49 root - INFO - Fetching data from URL: https://insights.blackcoffer.com/rise-of-cybercrime-and-its-effect-by-the-year-2040-2/
[ 2024-04-27 10:08:02,258 ] 49 root - INFO - Fetching data from URL: https://insights.blackcoffer.com/rise-of-cybercrime-and-its-effect-by-the-year-2040/
[ 2024-04-27 10:08:02,301 ] 49 root - INFO - Fetching data from URL: https://insights.blackcoffer.com/rise-of-internet-demand-and-its-impact-on-communications-and-alternatives-by-the-year-2035/
[ 2024-04-27 10:08:02,303 ] 49 root - INFO - Fetching data from URL: https://insights.blackcoffer.com/rise-of-telemedicine-and-its-impact-on-livelihood-by-2040-3-2/
[ 2024-04-27 10:08:05,355 ] 72 root - INFO - Data saved to Extraction Data Folder\blackassign0003_data.txt
[ 2024-04-27 10:08:05,373 ] 49 root - INFO - Fetching data from URL: https://insights.blackcoffer.com/rise-of-e-health-and-its-impact-on-humans-by-the-year-2030/
[ 2024-04-27 10:08:05,777 ] 72 root - INFO - Data saved to Extraction Data Folder\blackassign0002_data.txt
[ 2024-04-27 10:08:05,799 ] 49 root - INFO - Fetching data from URL: https://insights.blackcoffer.com/rise-of-e-health-and-its-imapct-on-humans-by-the-year-2030-2/
[ 2024-04-27 10:08:05,800 ] 72 root - INFO - Data saved to Extraction Data Folder\blackassign0011_data.txt
[ 2024-04-27 10:08:05,817 ] 49 root - INFO - Fetching data from URL: https://insights.blackcoffer.com/rise-of-telemedicine-and-its-impact-on-livelihood-by-2040-2/
[ 2024-04-27 10:08:05,833 ] 72 root - INFO - Data saved to Extraction Data Folder\blackassign0001_data.txt
[ 2024-04-27 10:08:05,833 ] 72 root - INFO - Data saved to Extraction Data Folder\blackassign0007_data.txt
[ 2024-04-27 10:08:05,835 ] 49 root - INFO - Fetching data from URL: https://insights.blackcoffer.com/rise-of-telemedicine-and-its-impact-on-livelihood-by-2040-2-2/
[ 2024-04-27 10:08:05,835 ] 72 root - INFO - Data saved to Extraction Data Folder\blackassign0012_data.txt
[ 2024-04-27 10:08:05,836 ] 49 root - INFO - Fetching data from URL: https://insights.blackcoffer.com/rise-of-chatbots-and-its-impact-on-customer-support-by-the-year-2040/
[ 2024-04-27 10:08:05,844 ] 49 root - INFO - Fetching data from URL: https://insights.blackcoffer.com/rise-of-e-health-and-its-imapct-on-humans-by-the-year-2030/
[ 2024-04-27 10:08:05,847 ] 72 root - INFO - Data saved to Extraction Data Folder\blackassign0010_data.txt
[ 2024-04-27 10:08:05,848 ] 49 root - INFO - Fetching data from URL: https://insights.blackcoffer.com/how-does-marketing-influence-businesses-and-consumers/
[ 2024-04-27 10:08:05,850 ] 72 root - INFO - Data saved to Extraction Data Folder\blackassign0005_data.txt
[ 2024-04-27 10:08:05,850 ] 72 root - INFO - Data saved to Extraction Data Folder\blackassign0004_data.txt
[ 2024-04-27 10:08:05,851 ] 72 root - INFO - Data saved to Extraction Data Folder\blackassign0006_data.txt
[ 2024-04-27 10:08:05,851 ] 72 root - INFO - Data saved to Extraction Data Folder\blackassign0009_data.txt
[ 2024-04-27 10:08:05,852 ] 72 root - INFO - Data saved to Extraction Data Folder\blackassign0008_data.txt
[ 2024-04-27 10:08:05,853 ] 49 root - INFO - Fetching data from URL: https://insights.blackcoffer.com/how-advertisement-increase-your-market-value/
[ 2024-04-27 10:08:05,855 ] 49 root - INFO - Fetching data from URL: https://insights.blackcoffer.com/negative-effects-of-marketing-on-society/
[ 2024-04-27 10:08:05,857 ] 49 root - INFO - Fetching data from URL: https://insights.blackcoffer.com/how-advertisement-marketing-affects-business/
[ 2024-04-27 10:08:05,857 ] 49 root - INFO - Fetching data from URL: https://insights.blackcoffer.com/rising-it-cities-will-impact-the-economy-environment-infrastructure-and-city-life-by-the-year-2035/
[ 2024-04-27 10:08:05,860 ] 49 root - INFO - Fetching data from URL: https://insights.blackcoffer.com/rise-of-ott-platform-and-its-impact-on-entertainment-industry-by-the-year-2030/
[ 2024-04-27 10:08:07,611 ] 72 root - INFO - Data saved to Extraction Data Folder\blackassign0013_data.txt
[ 2024-04-27 10:08:07,613 ] 49 root - INFO - Fetching data from URL: https://insights.blackcoffer.com/rise-of-electric-vehicles-and-its-impact-on-livelihood-by-2040/
[ 2024-04-27 10:08:08,044 ] 72 root - INFO - Data saved to Extraction Data Folder\blackassign0014_data.txt
[ 2024-04-27 10:08:08,045 ] 49 root - INFO - Fetching data from URL: https://insights.blackcoffer.com/rise-of-electric-vehicle-and-its-impact-on-livelihood-by-the-year-2040/
[ 2024-04-27 10:08:11,837 ] 72 root - INFO - Data saved to Extraction Data Folder\blackassign0018_data.txt
[ 2024-04-27 10:08:11,838 ] 49 root - INFO - Fetching data from URL: https://insights.blackcoffer.com/oil-prices-by-the-year-2040-and-how-it-will-impact-the-world-economy/
[ 2024-04-27 10:08:11,959 ] 72 root - INFO - Data saved to Extraction Data Folder\blackassign0017_data.txt
[ 2024-04-27 10:08:11,961 ] 49 root - INFO - Fetching data from URL: https://insights.blackcoffer.com/an-outlook-of-healthcare-by-the-year-2040-and-how-it-will-impact-human-lives/
[ 2024-04-27 10:08:12,730 ] 72 root - INFO - Data saved to Extraction Data Folder\blackassign0021_data.txt
[ 2024-04-27 10:08:12,732 ] 49 root - INFO - Fetching data from URL: https://insights.blackcoffer.com/ai-in-healthcare-to-improve-patient-outcomes/
[ 2024-04-27 10:08:13,259 ] 72 root - INFO - Data saved to Extraction Data Folder\blackassign0015_data.txt
[ 2024-04-27 10:08:13,261 ] 49 root - INFO - Fetching data from URL: https://insights.blackcoffer.com/what-if-the-creation-is-taking-over-the-creator/
[ 2024-04-27 10:08:13,261 ] 72 root - INFO - Data saved to Extraction Data Folder\blackassign0024_data.txt
[ 2024-04-27 10:08:13,262 ] 49 root - INFO - Fetching data from URL: https://insights.blackcoffer.com/what-jobs-will-robots-take-from-humans-in-the-future/
[ 2024-04-27 10:08:13,265 ] 72 root - INFO - Data saved to Extraction Data Folder\blackassign0023_data.txt
[ 2024-04-27 10:08:13,267 ] 49 root - INFO - Fetching data from URL: https://insights.blackcoffer.com/will-machine-replace-the-human-in-the-future-of-work/
[ 2024-04-27 10:08:13,269 ] 72 root - INFO - Data saved to Extraction Data Folder\blackassign0016_data.txt
[ 2024-04-27 10:08:13,269 ] 72 root - INFO - Data saved to Extraction Data Folder\blackassign0022_data.txt
[ 2024-04-27 10:08:13,270 ] 72 root - INFO - Data saved to Extraction Data Folder\blackassign0019_data.txt
[ 2024-04-27 10:08:13,271 ] 49 root - INFO - Fetching data from URL: https://insights.blackcoffer.com/will-ai-replace-us-or-work-with-us/
[ 2024-04-27 10:08:13,272 ] 72 root - INFO - Data saved to Extraction Data Folder\blackassign0020_data.txt
[ 2024-04-27 10:08:13,274 ] 49 root - INFO - Fetching data from URL: https://insights.blackcoffer.com/man-and-machines-together-machines-are-more-diligent-than-humans-blackcoffe/
[ 2024-04-27 10:08:13,276 ] 49 root - INFO - Fetching data from URL: https://insights.blackcoffer.com/in-future-or-in-upcoming-years-humans-and-machines-are-going-to-work-together-in-every-field-of-work/
[ 2024-04-27 10:08:13,280 ] 49 root - INFO - Fetching data from URL: https://insights.blackcoffer.com/how-neural-networks-can-be-applied-in-various-areas-in-the-future/
[ 2024-04-27 10:08:13,369 ] 72 root - INFO - Data saved to Extraction Data Folder\blackassign0025_data.txt
[ 2024-04-27 10:08:13,370 ] 49 root - INFO - Fetching data from URL: https://insights.blackcoffer.com/how-machine-learning-will-affect-your-business/
[ 2024-04-27 10:08:13,372 ] 72 root - INFO - Data saved to Extraction Data Folder\blackassign0026_data.txt
[ 2024-04-27 10:08:13,374 ] 49 root - INFO - Fetching data from URL: https://insights.blackcoffer.com/deep-learning-impact-on-areas-of-e-learning/
[ 2024-04-27 10:08:14,919 ] 72 root - INFO - Data saved to Extraction Data Folder\blackassign0027_data.txt
[ 2024-04-27 10:08:14,921 ] 49 root - INFO - Fetching data from URL: https://insights.blackcoffer.com/how-to-protect-future-data-and-its-privacy-blackcoffer/
[ 2024-04-27 10:08:15,165 ] 72 root - INFO - Data saved to Extraction Data Folder\blackassign0028_data.txt
[ 2024-04-27 10:08:15,167 ] 49 root - INFO - Fetching data from URL: https://insights.blackcoffer.com/how-machines-ai-automations-and-robo-human-are-effective-in-finance-and-banking/
[ 2024-04-27 10:08:18,835 ] 72 root - INFO - Data saved to Extraction Data Folder\blackassign0029_data.txt
[ 2024-04-27 10:08:18,837 ] 49 root - INFO - Fetching data from URL: https://insights.blackcoffer.com/ai-human-robotics-machine-future-planet-blackcoffer-thinking-jobs-workplace/
[ 2024-04-27 10:08:19,777 ] 75 root - ERROR - Error fetching or saving data from URL https://insights.blackcoffer.com/how-neural-networks-can-be-applied-in-various-areas-in-the-future/: list index out of range
[ 2024-04-27 10:08:19,778 ] 49 root - INFO - Fetching data from URL: https://insights.blackcoffer.com/how-ai-will-change-the-world-blackcoffer/
[ 2024-04-27 10:08:19,926 ] 72 root - INFO - Data saved to Extraction Data Folder\blackassign0035_data.txt
[ 2024-04-27 10:08:19,930 ] 49 root - INFO - Fetching data from URL: https://insights.blackcoffer.com/future-of-work-how-ai-has-entered-the-workplace/
[ 2024-04-27 10:08:19,930 ] 72 root - INFO - Data saved to Extraction Data Folder\blackassign0030_data.txt
[ 2024-04-27 10:08:19,932 ] 72 root - INFO - Data saved to Extraction Data Folder\blackassign0032_data.txt
[ 2024-04-27 10:08:19,933 ] 49 root - INFO - Fetching data from URL: https://insights.blackcoffer.com/ai-tool-alexa-google-assistant-finance-banking-tool-future/
[ 2024-04-27 10:08:19,936 ] 49 root - INFO - Fetching data from URL: https://insights.blackcoffer.com/ai-healthcare-revolution-ml-technology-algorithm-google-analytics-industrialrevolution/
[ 2024-04-27 10:08:19,983 ] 72 root - INFO - Data saved to Extraction Data Folder\blackassign0034_data.txt
[ 2024-04-27 10:08:19,985 ] 49 root - INFO - Fetching data from URL: https://insights.blackcoffer.com/all-you-need-to-know-about-online-marketing/
[ 2024-04-27 10:08:20,080 ] 72 root - INFO - Data saved to Extraction Data Folder\blackassign0038_data.txt
[ 2024-04-27 10:08:20,081 ] 49 root - INFO - Fetching data from URL: https://insights.blackcoffer.com/evolution-of-advertising-industry/
[ 2024-04-27 10:08:20,797 ] 72 root - INFO - Data saved to Extraction Data Folder\blackassign0037_data.txt
[ 2024-04-27 10:08:20,799 ] 49 root - INFO - Fetching data from URL: https://insights.blackcoffer.com/how-data-analytics-can-help-your-business-respond-to-the-impact-of-covid-19/
[ 2024-04-27 10:08:20,936 ] 72 root - INFO - Data saved to Extraction Data Folder\blackassign0033_data.txt
[ 2024-04-27 10:08:20,947 ] 49 root - INFO - Fetching data from URL: https://insights.blackcoffer.com/covid-19-environmental-impact-for-the-future/
[ 2024-04-27 10:08:21,067 ] 72 root - INFO - Data saved to Extraction Data Folder\blackassign0031_data.txt
[ 2024-04-27 10:08:21,067 ] 72 root - INFO - Data saved to Extraction Data Folder\blackassign0039_data.txt
[ 2024-04-27 10:08:21,069 ] 49 root - INFO - Fetching data from URL: https://insights.blackcoffer.com/environmental-impact-of-the-covid-19-pandemic-lesson-for-the-future/
[ 2024-04-27 10:08:21,069 ] 72 root - INFO - Data saved to Extraction Data Folder\blackassign0040_data.txt
[ 2024-04-27 10:08:21,071 ] 49 root - INFO - Fetching data from URL: https://insights.blackcoffer.com/how-data-analytics-and-ai-are-used-to-halt-the-covid-19-pandemic/
[ 2024-04-27 10:08:21,076 ] 49 root - INFO - Fetching data from URL: https://insights.blackcoffer.com/difference-between-artificial-intelligence-machine-learning-statistics-and-data-mining/
[ 2024-04-27 10:08:21,675 ] 72 root - INFO - Data saved to Extraction Data Folder\blackassign0041_data.txt
[ 2024-04-27 10:08:21,677 ] 49 root - INFO - Fetching data from URL: https://insights.blackcoffer.com/how-python-became-the-first-choice-for-data-science/
[ 2024-04-27 10:08:23,764 ] 72 root - INFO - Data saved to Extraction Data Folder\blackassign0042_data.txt
[ 2024-04-27 10:08:23,765 ] 49 root - INFO - Fetching data from URL: https://insights.blackcoffer.com/how-google-fit-measure-heart-and-respiratory-rates-using-a-phone/
[ 2024-04-27 10:08:24,823 ] 72 root - INFO - Data saved to Extraction Data Folder\blackassign0044_data.txt
[ 2024-04-27 10:08:24,826 ] 49 root - INFO - Fetching data from URL: https://insights.blackcoffer.com/what-is-the-future-of-mobile-apps/
[ 2024-04-27 10:08:24,917 ] 72 root - INFO - Data saved to Extraction Data Folder\blackassign0046_data.txt
[ 2024-04-27 10:08:24,919 ] 49 root - INFO - Fetching data from URL: https://insights.blackcoffer.com/impact-of-ai-in-health-and-medicine/
[ 2024-04-27 10:08:25,065 ] 72 root - INFO - Data saved to Extraction Data Folder\blackassign0045_data.txt
[ 2024-04-27 10:08:25,065 ] 72 root - INFO - Data saved to Extraction Data Folder\blackassign0047_data.txt
[ 2024-04-27 10:08:25,067 ] 49 root - INFO - Fetching data from URL: https://insights.blackcoffer.com/telemedicine-what-patients-like-and-dislike-about-it/
[ 2024-04-27 10:08:25,069 ] 49 root - INFO - Fetching data from URL: https://insights.blackcoffer.com/how-we-forecast-future-technologies/
[ 2024-04-27 10:08:25,843 ] 72 root - INFO - Data saved to Extraction Data Folder\blackassign0043_data.txt
[ 2024-04-27 10:08:25,845 ] 49 root - INFO - Fetching data from URL: https://insights.blackcoffer.com/can-robots-tackle-late-life-loneliness/
[ 2024-04-27 10:08:26,698 ] 75 root - ERROR - Error fetching or saving data from URL https://insights.blackcoffer.com/covid-19-environmental-impact-for-the-future/: list index out of range
[ 2024-04-27 10:08:26,699 ] 49 root - INFO - Fetching data from URL: https://insights.blackcoffer.com/embedding-care-robots-into-society-socio-technical-considerations/
[ 2024-04-27 10:08:26,725 ] 72 root - INFO - Data saved to Extraction Data Folder\blackassign0048_data.txt
[ 2024-04-27 10:08:26,728 ] 49 root - INFO - Fetching data from URL: https://insights.blackcoffer.com/management-challenges-for-future-digitalization-of-healthcare-services/
[ 2024-04-27 10:08:26,967 ] 72 root - INFO - Data saved to Extraction Data Folder\blackassign0051_data.txt
[ 2024-04-27 10:08:26,969 ] 49 root - INFO - Fetching data from URL: https://insights.blackcoffer.com/are-we-any-closer-to-preventing-a-nuclear-holocaust/
[ 2024-04-27 10:08:27,828 ] 72 root - INFO - Data saved to Extraction Data Folder\blackassign0053_data.txt
[ 2024-04-27 10:08:27,830 ] 49 root - INFO - Fetching data from URL: https://insights.blackcoffer.com/will-technology-eliminate-the-need-for-animal-testing-in-drug-development/
[ 2024-04-27 10:08:27,835 ] 72 root - INFO - Data saved to Extraction Data Folder\blackassign0050_data.txt
[ 2024-04-27 10:08:27,835 ] 72 root - INFO - Data saved to Extraction Data Folder\blackassign0052_data.txt
[ 2024-04-27 10:08:27,837 ] 49 root - INFO - Fetching data from URL: https://insights.blackcoffer.com/will-we-ever-understand-the-nature-of-consciousness/
[ 2024-04-27 10:08:27,838 ] 49 root - INFO - Fetching data from URL: https://insights.blackcoffer.com/will-we-ever-colonize-outer-space/
[ 2024-04-27 10:08:28,785 ] 72 root - INFO - Data saved to Extraction Data Folder\blackassign0054_data.txt
[ 2024-04-27 10:08:28,786 ] 49 root - INFO - Fetching data from URL: https://insights.blackcoffer.com/what-is-the-chance-homo-sapiens-will-survive-for-the-next-500-years/
[ 2024-04-27 10:08:29,736 ] 72 root - INFO - Data saved to Extraction Data Folder\blackassign0055_data.txt
[ 2024-04-27 10:08:29,737 ] 49 root - INFO - Fetching data from URL: https://insights.blackcoffer.com/why-does-your-business-need-a-chatbot/
[ 2024-04-27 10:08:29,835 ] 72 root - INFO - Data saved to Extraction Data Folder\blackassign0056_data.txt
[ 2024-04-27 10:08:29,836 ] 49 root - INFO - Fetching data from URL: https://insights.blackcoffer.com/how-you-lead-a-project-or-a-team-without-any-technical-expertise/
[ 2024-04-27 10:08:30,042 ] 72 root - INFO - Data saved to Extraction Data Folder\blackassign0058_data.txt
[ 2024-04-27 10:08:30,045 ] 49 root - INFO - Fetching data from URL: https://insights.blackcoffer.com/can-you-be-great-leader-without-technical-expertise/
[ 2024-04-27 10:08:30,825 ] 72 root - INFO - Data saved to Extraction Data Folder\blackassign0057_data.txt
[ 2024-04-27 10:08:30,827 ] 49 root - INFO - Fetching data from URL: https://insights.blackcoffer.com/how-does-artificial-intelligence-affect-the-environment/
[ 2024-04-27 10:08:30,829 ] 72 root - INFO - Data saved to Extraction Data Folder\blackassign0059_data.txt
[ 2024-04-27 10:08:30,830 ] 49 root - INFO - Fetching data from URL: https://insights.blackcoffer.com/how-to-overcome-your-fear-of-making-mistakes-2/
[ 2024-04-27 10:08:31,867 ] 72 root - INFO - Data saved to Extraction Data Folder\blackassign0061_data.txt
[ 2024-04-27 10:08:31,868 ] 49 root - INFO - Fetching data from URL: https://insights.blackcoffer.com/is-perfection-the-greatest-enemy-of-productivity/
[ 2024-04-27 10:08:31,934 ] 72 root - INFO - Data saved to Extraction Data Folder\blackassign0060_data.txt
[ 2024-04-27 10:08:31,935 ] 49 root - INFO - Fetching data from URL: https://insights.blackcoffer.com/global-financial-crisis-2008-causes-effects-and-its-solution/
[ 2024-04-27 10:08:32,927 ] 72 root - INFO - Data saved to Extraction Data Folder\blackassign0062_data.txt
[ 2024-04-27 10:08:32,928 ] 49 root - INFO - Fetching data from URL: https://insights.blackcoffer.com/gender-diversity-and-equality-in-the-tech-industry/
[ 2024-04-27 10:08:32,930 ] 72 root - INFO - Data saved to Extraction Data Folder\blackassign0063_data.txt
[ 2024-04-27 10:08:32,932 ] 49 root - INFO - Fetching data from URL: https://insights.blackcoffer.com/how-to-overcome-your-fear-of-making-mistakes/
[ 2024-04-27 10:08:33,774 ] 72 root - INFO - Data saved to Extraction Data Folder\blackassign0065_data.txt
[ 2024-04-27 10:08:33,790 ] 49 root - INFO - Fetching data from URL: https://insights.blackcoffer.com/how-small-business-can-survive-the-coronavirus-crisis/
[ 2024-04-27 10:08:33,839 ] 72 root - INFO - Data saved to Extraction Data Folder\blackassign0064_data.txt
[ 2024-04-27 10:08:33,840 ] 49 root - INFO - Fetching data from URL: https://insights.blackcoffer.com/impacts-of-covid-19-on-vegetable-vendors-and-food-stalls/
[ 2024-04-27 10:08:34,049 ] 72 root - INFO - Data saved to Extraction Data Folder\blackassign0066_data.txt
[ 2024-04-27 10:08:34,050 ] 49 root - INFO - Fetching data from URL: https://insights.blackcoffer.com/impacts-of-covid-19-on-vegetable-vendors/
[ 2024-04-27 10:08:35,751 ] 72 root - INFO - Data saved to Extraction Data Folder\blackassign0067_data.txt
[ 2024-04-27 10:08:35,752 ] 49 root - INFO - Fetching data from URL: https://insights.blackcoffer.com/impact-of-covid-19-pandemic-on-tourism-aviation-industries/
[ 2024-04-27 10:08:35,802 ] 72 root - INFO - Data saved to Extraction Data Folder\blackassign0068_data.txt
[ 2024-04-27 10:08:35,804 ] 49 root - INFO - Fetching data from URL: https://insights.blackcoffer.com/impact-of-covid-19-pandemic-on-sports-events-around-the-world/
[ 2024-04-27 10:08:35,908 ] 72 root - INFO - Data saved to Extraction Data Folder\blackassign0069_data.txt
[ 2024-04-27 10:08:35,910 ] 49 root - INFO - Fetching data from URL: https://insights.blackcoffer.com/changing-landscape-and-emerging-trends-in-the-indian-it-ites-industry/
[ 2024-04-27 10:08:35,914 ] 72 root - INFO - Data saved to Extraction Data Folder\blackassign0071_data.txt
[ 2024-04-27 10:08:35,916 ] 49 root - INFO - Fetching data from URL: https://insights.blackcoffer.com/online-gaming-adolescent-online-gaming-effects-demotivated-depression-musculoskeletal-and-psychosomatic-symptoms/
[ 2024-04-27 10:08:37,050 ] 72 root - INFO - Data saved to Extraction Data Folder\blackassign0070_data.txt
[ 2024-04-27 10:08:37,051 ] 49 root - INFO - Fetching data from URL: https://insights.blackcoffer.com/human-rights-outlook/
[ 2024-04-27 10:08:37,270 ] 72 root - INFO - Data saved to Extraction Data Folder\blackassign0072_data.txt
[ 2024-04-27 10:08:37,272 ] 49 root - INFO - Fetching data from URL: https://insights.blackcoffer.com/how-voice-search-makes-your-business-a-successful-business/
[ 2024-04-27 10:08:37,419 ] 72 root - INFO - Data saved to Extraction Data Folder\blackassign0073_data.txt
[ 2024-04-27 10:08:37,421 ] 49 root - INFO - Fetching data from URL: https://insights.blackcoffer.com/how-the-covid-19-crisis-is-redefining-jobs-and-services/
[ 2024-04-27 10:08:38,385 ] 72 root - INFO - Data saved to Extraction Data Folder\blackassign0075_data.txt
[ 2024-04-27 10:08:38,388 ] 49 root - INFO - Fetching data from URL: https://insights.blackcoffer.com/how-to-increase-social-media-engagement-for-marketers/
[ 2024-04-27 10:08:38,389 ] 72 root - INFO - Data saved to Extraction Data Folder\blackassign0074_data.txt
[ 2024-04-27 10:08:38,390 ] 49 root - INFO - Fetching data from URL: https://insights.blackcoffer.com/impacts-of-covid-19-on-streets-sides-food-stalls/
[ 2024-04-27 10:08:38,676 ] 72 root - INFO - Data saved to Extraction Data Folder\blackassign0077_data.txt
[ 2024-04-27 10:08:38,677 ] 49 root - INFO - Fetching data from URL: https://insights.blackcoffer.com/coronavirus-impact-on-energy-markets-2/
[ 2024-04-27 10:08:38,681 ] 72 root - INFO - Data saved to Extraction Data Folder\blackassign0076_data.txt
[ 2024-04-27 10:08:38,682 ] 49 root - INFO - Fetching data from URL: https://insights.blackcoffer.com/coronavirus-impact-on-the-hospitality-industry-5/
[ 2024-04-27 10:08:39,129 ] 72 root - INFO - Data saved to Extraction Data Folder\blackassign0078_data.txt
[ 2024-04-27 10:08:39,130 ] 49 root - INFO - Fetching data from URL: https://insights.blackcoffer.com/lessons-from-the-past-some-key-learnings-relevant-to-the-coronavirus-crisis-4/
[ 2024-04-27 10:08:40,054 ] 72 root - INFO - Data saved to Extraction Data Folder\blackassign0079_data.txt
[ 2024-04-27 10:08:40,069 ] 49 root - INFO - Fetching data from URL: https://insights.blackcoffer.com/estimating-the-impact-of-covid-19-on-the-world-of-work-2/
[ 2024-04-27 10:08:40,116 ] 72 root - INFO - Data saved to Extraction Data Folder\blackassign0080_data.txt
[ 2024-04-27 10:08:40,118 ] 49 root - INFO - Fetching data from URL: https://insights.blackcoffer.com/estimating-the-impact-of-covid-19-on-the-world-of-work-3/
[ 2024-04-27 10:08:40,121 ] 72 root - INFO - Data saved to Extraction Data Folder\blackassign0082_data.txt
[ 2024-04-27 10:08:40,122 ] 49 root - INFO - Fetching data from URL: https://insights.blackcoffer.com/travel-and-tourism-outlook/
[ 2024-04-27 10:08:40,172 ] 72 root - INFO - Data saved to Extraction Data Folder\blackassign0081_data.txt
[ 2024-04-27 10:08:40,174 ] 49 root - INFO - Fetching data from URL: https://insights.blackcoffer.com/gaming-disorder-and-effects-of-gaming-on-health/
[ 2024-04-27 10:08:44,036 ] 72 root - INFO - Data saved to Extraction Data Folder\blackassign0084_data.txt
[ 2024-04-27 10:08:44,037 ] 49 root - INFO - Fetching data from URL: https://insights.blackcoffer.com/what-is-the-repercussion-of-the-environment-due-to-the-covid-19-pandemic-situation/
[ 2024-04-27 10:08:44,305 ] 72 root - INFO - Data saved to Extraction Data Folder\blackassign0083_data.txt
[ 2024-04-27 10:08:44,351 ] 49 root - INFO - Fetching data from URL: https://insights.blackcoffer.com/what-is-the-repercussion-of-the-environment-due-to-the-covid-19-pandemic-situation-2/
[ 2024-04-27 10:08:44,352 ] 72 root - INFO - Data saved to Extraction Data Folder\blackassign0089_data.txt
[ 2024-04-27 10:08:44,397 ] 72 root - INFO - Data saved to Extraction Data Folder\blackassign0087_data.txt
[ 2024-04-27 10:08:44,428 ] 72 root - INFO - Data saved to Extraction Data Folder\blackassign0086_data.txt
[ 2024-04-27 10:08:44,430 ] 49 root - INFO - Fetching data from URL: https://insights.blackcoffer.com/impact-of-covid-19-pandemic-on-office-space-and-co-working-industries/
[ 2024-04-27 10:08:44,432 ] 49 root - INFO - Fetching data from URL: https://insights.blackcoffer.com/contribution-of-handicrafts-visual-arts-literature-in-the-indian-economy/
[ 2024-04-27 10:08:44,434 ] 49 root - INFO - Fetching data from URL: https://insights.blackcoffer.com/how-covid-19-is-impacting-payment-preferences/
[ 2024-04-27 10:08:44,437 ] 72 root - INFO - Data saved to Extraction Data Folder\blackassign0088_data.txt
[ 2024-04-27 10:08:44,437 ] 72 root - INFO - Data saved to Extraction Data Folder\blackassign0085_data.txt
[ 2024-04-27 10:08:44,440 ] 49 root - INFO - Fetching data from URL: https://insights.blackcoffer.com/how-will-covid-19-affect-the-world-of-work-2/
[ 2024-04-27 10:08:45,075 ] 72 root - INFO - Data saved to Extraction Data Folder\blackassign0090_data.txt
[ 2024-04-27 10:08:45,296 ] 72 root - INFO - Data saved to Extraction Data Folder\blackassign0091_data.txt
[ 2024-04-27 10:08:45,615 ] 72 root - INFO - Data saved to Extraction Data Folder\blackassign0093_data.txt
[ 2024-04-27 10:08:45,701 ] 72 root - INFO - Data saved to Extraction Data Folder\blackassign0092_data.txt
[ 2024-04-27 10:08:46,490 ] 72 root - INFO - Data saved to Extraction Data Folder\blackassign0098_data.txt
[ 2024-04-27 10:08:46,552 ] 72 root - INFO - Data saved to Extraction Data Folder\blackassign0097_data.txt
[ 2024-04-27 10:08:46,636 ] 72 root - INFO - Data saved to Extraction Data Folder\blackassign0096_data.txt
[ 2024-04-27 10:08:46,640 ] 72 root - INFO - Data saved to Extraction Data Folder\blackassign0099_data.txt
[ 2024-04-27 10:08:46,641 ] 72 root - INFO - Data saved to Extraction Data Folder\blackassign0100_data.txt
[ 2024-04-27 10:08:47,071 ] 72 root - INFO - Data saved to Extraction Data Folder\blackassign0095_data.txt
[ 2024-04-27 10:08:48,216 ] 72 root - INFO - Data saved to Extraction Data Folder\blackassign0094_data.txt
[ 2024-04-27 10:08:48,219 ] 98 root - INFO - Initialize the stopwords and positive and negative variables
[ 2024-04-27 10:08:48,228 ] 118 root - INFO - Find positive and negative words that are required
[ 2024-04-27 10:08:48,773 ] 137 root - INFO - Calculate readability metrics
[ 2024-04-27 10:08:48,773 ] 169 root - INFO - Execute process file function
[ 2024-04-27 10:08:56,174 ] 214 root - INFO - Data saved to output.csv
